CRITICAL - 2022-12-13 20:24:35 --> Invalid file: categorias.php
in SYSTEMPATH\Exceptions\FrameworkException.php on line 33.
 1 SYSTEMPATH\View\View.php(201): CodeIgniter\Exceptions\FrameworkException::forInvalidFile('categorias.php')
 2 SYSTEMPATH\Common.php(1134): CodeIgniter\View\View->render('categorias', [], true)
 3 APPPATH\Controllers\CategoriasController.php(10): view('categorias')
 4 SYSTEMPATH\CodeIgniter.php(927): App\Controllers\CategoriasController->index()
 5 SYSTEMPATH\CodeIgniter.php(482): CodeIgniter\CodeIgniter->runController(Object(App\Controllers\CategoriasController))
 6 SYSTEMPATH\CodeIgniter.php(351): CodeIgniter\CodeIgniter->handleRequest(null, Object(Config\Cache), false)
 7 FCPATH\index.php(67): CodeIgniter\CodeIgniter->run()
CRITICAL - 2022-12-13 20:24:47 --> Invalid file: categorias.php
in SYSTEMPATH\Exceptions\FrameworkException.php on line 33.
 1 SYSTEMPATH\View\View.php(201): CodeIgniter\Exceptions\FrameworkException::forInvalidFile('categorias.php')
 2 SYSTEMPATH\Common.php(1134): CodeIgniter\View\View->render('categorias', [], true)
 3 APPPATH\Controllers\CategoriasController.php(10): view('categorias')
 4 SYSTEMPATH\CodeIgniter.php(927): App\Controllers\CategoriasController->index()
 5 SYSTEMPATH\CodeIgniter.php(482): CodeIgniter\CodeIgniter->runController(Object(App\Controllers\CategoriasController))
 6 SYSTEMPATH\CodeIgniter.php(351): CodeIgniter\CodeIgniter->handleRequest(null, Object(Config\Cache), false)
 7 FCPATH\index.php(67): CodeIgniter\CodeIgniter->run()
CRITICAL - 2022-12-13 20:29:10 --> Invalid file: categorias.php
in SYSTEMPATH\Exceptions\FrameworkException.php on line 33.
 1 SYSTEMPATH\View\View.php(201): CodeIgniter\Exceptions\FrameworkException::forInvalidFile('categorias.php')
 2 SYSTEMPATH\Common.php(1134): CodeIgniter\View\View->render('categorias', [], true)
 3 APPPATH\Controllers\CategoriasController.php(10): view('categorias')
 4 SYSTEMPATH\CodeIgniter.php(927): App\Controllers\CategoriasController->index()
 5 SYSTEMPATH\CodeIgniter.php(482): CodeIgniter\CodeIgniter->runController(Object(App\Controllers\CategoriasController))
 6 SYSTEMPATH\CodeIgniter.php(351): CodeIgniter\CodeIgniter->handleRequest(null, Object(Config\Cache), false)
 7 FCPATH\index.php(67): CodeIgniter\CodeIgniter->run()
