ERROR - 2022-12-15 00:25:56 --> mysqli_sql_exception: Table 'pokedata.productos' doesn't exist in C:\xampp\htdocs\poke\system\Database\MySQLi\Connection.php:292
Stack trace:
#0 C:\xampp\htdocs\poke\system\Database\MySQLi\Connection.php(292): mysqli->query('SELECT *\nFROM `...', 0)
#1 C:\xampp\htdocs\poke\system\Database\BaseConnection.php(666): CodeIgniter\Database\MySQLi\Connection->execute('SELECT *\nFROM `...')
#2 C:\xampp\htdocs\poke\system\Database\BaseConnection.php(593): CodeIgniter\Database\BaseConnection->simpleQuery('SELECT *\nFROM `...')
#3 C:\xampp\htdocs\poke\system\Database\BaseBuilder.php(1585): CodeIgniter\Database\BaseConnection->query('SELECT *\nFROM `...', Array, false)
#4 C:\xampp\htdocs\poke\system\Model.php(223): CodeIgniter\Database\BaseBuilder->get()
#5 C:\xampp\htdocs\poke\system\BaseModel.php(585): CodeIgniter\Model->doFindAll(0, 0)
#6 C:\xampp\htdocs\poke\app\Controllers\ProductosController.php(19): CodeIgniter\BaseModel->findAll()
#7 C:\xampp\htdocs\poke\system\CodeIgniter.php(927): App\Controllers\ProductosController->index()
#8 C:\xampp\htdocs\poke\system\CodeIgniter.php(482): CodeIgniter\CodeIgniter->runController(Object(App\Controllers\ProductosController))
#9 C:\xampp\htdocs\poke\system\CodeIgniter.php(351): CodeIgniter\CodeIgniter->handleRequest(NULL, Object(Config\Cache), false)
#10 C:\xampp\htdocs\poke\index.php(67): CodeIgniter\CodeIgniter->run()
#11 {main}
CRITICAL - 2022-12-15 00:25:56 --> Table 'pokedata.productos' doesn't exist
in SYSTEMPATH\Database\MySQLi\Connection.php on line 292.
 1 SYSTEMPATH\Database\MySQLi\Connection.php(292): mysqli->query('SELECT *
FROM `productos`
WHERE `activo` = 1', 0)
 2 SYSTEMPATH\Database\BaseConnection.php(666): CodeIgniter\Database\MySQLi\Connection->execute('SELECT *
FROM `productos`
WHERE `activo` = 1')
 3 SYSTEMPATH\Database\BaseConnection.php(593): CodeIgniter\Database\BaseConnection->simpleQuery('SELECT *
FROM `productos`
WHERE `activo` = 1')
 4 SYSTEMPATH\Database\BaseBuilder.php(1585): CodeIgniter\Database\BaseConnection->query('SELECT *
FROM `productos`
WHERE `activo` = :activo:', [...], false)
 5 SYSTEMPATH\Model.php(223): CodeIgniter\Database\BaseBuilder->get()
 6 SYSTEMPATH\BaseModel.php(585): CodeIgniter\Model->doFindAll(0, 0)
 7 APPPATH\Controllers\ProductosController.php(19): CodeIgniter\BaseModel->findAll()
 8 SYSTEMPATH\CodeIgniter.php(927): App\Controllers\ProductosController->index()
 9 SYSTEMPATH\CodeIgniter.php(482): CodeIgniter\CodeIgniter->runController(Object(App\Controllers\ProductosController))
10 SYSTEMPATH\CodeIgniter.php(351): CodeIgniter\CodeIgniter->handleRequest(null, Object(Config\Cache), false)
11 FCPATH\index.php(67): CodeIgniter\CodeIgniter->run()
CRITICAL - 2022-12-15 00:26:34 --> Invalid file: productos/productos.php
in SYSTEMPATH\Exceptions\FrameworkException.php on line 33.
 1 SYSTEMPATH\View\View.php(201): CodeIgniter\Exceptions\FrameworkException::forInvalidFile('productos/productos.php')
 2 SYSTEMPATH\Common.php(1134): CodeIgniter\View\View->render('productos/productos', [], true)
 3 APPPATH\Controllers\ProductosController.php(23): view('productos/productos', [...])
 4 SYSTEMPATH\CodeIgniter.php(927): App\Controllers\ProductosController->index()
 5 SYSTEMPATH\CodeIgniter.php(482): CodeIgniter\CodeIgniter->runController(Object(App\Controllers\ProductosController))
 6 SYSTEMPATH\CodeIgniter.php(351): CodeIgniter\CodeIgniter->handleRequest(null, Object(Config\Cache), false)
 7 FCPATH\index.php(67): CodeIgniter\CodeIgniter->run()
CRITICAL - 2022-12-15 00:28:07 --> Invalid file: productos/productos.php
in SYSTEMPATH\Exceptions\FrameworkException.php on line 33.
 1 SYSTEMPATH\View\View.php(201): CodeIgniter\Exceptions\FrameworkException::forInvalidFile('productos/productos.php')
 2 SYSTEMPATH\Common.php(1134): CodeIgniter\View\View->render('productos/productos', [], true)
 3 APPPATH\Controllers\ProductosController.php(23): view('productos/productos', [...])
 4 SYSTEMPATH\CodeIgniter.php(927): App\Controllers\ProductosController->index()
 5 SYSTEMPATH\CodeIgniter.php(482): CodeIgniter\CodeIgniter->runController(Object(App\Controllers\ProductosController))
 6 SYSTEMPATH\CodeIgniter.php(351): CodeIgniter\CodeIgniter->handleRequest(null, Object(Config\Cache), false)
 7 FCPATH\index.php(67): CodeIgniter\CodeIgniter->run()
CRITICAL - 2022-12-15 00:29:19 --> Invalid file: productos/productos.php
in SYSTEMPATH\Exceptions\FrameworkException.php on line 33.
 1 SYSTEMPATH\View\View.php(201): CodeIgniter\Exceptions\FrameworkException::forInvalidFile('productos/productos.php')
 2 SYSTEMPATH\Common.php(1134): CodeIgniter\View\View->render('productos/productos', [], true)
 3 APPPATH\Controllers\ProductosController.php(23): view('productos/productos', [...])
 4 SYSTEMPATH\CodeIgniter.php(927): App\Controllers\ProductosController->index()
 5 SYSTEMPATH\CodeIgniter.php(482): CodeIgniter\CodeIgniter->runController(Object(App\Controllers\ProductosController))
 6 SYSTEMPATH\CodeIgniter.php(351): CodeIgniter\CodeIgniter->handleRequest(null, Object(Config\Cache), false)
 7 FCPATH\index.php(67): CodeIgniter\CodeIgniter->run()
CRITICAL - 2022-12-15 00:29:52 --> Invalid file: productos/productos.php
in SYSTEMPATH\Exceptions\FrameworkException.php on line 33.
 1 SYSTEMPATH\View\View.php(201): CodeIgniter\Exceptions\FrameworkException::forInvalidFile('productos/productos.php')
 2 SYSTEMPATH\Common.php(1134): CodeIgniter\View\View->render('productos/productos', [], true)
 3 APPPATH\Controllers\ProductosController.php(23): view('productos/productos', [...])
 4 SYSTEMPATH\CodeIgniter.php(927): App\Controllers\ProductosController->index()
 5 SYSTEMPATH\CodeIgniter.php(482): CodeIgniter\CodeIgniter->runController(Object(App\Controllers\ProductosController))
 6 SYSTEMPATH\CodeIgniter.php(351): CodeIgniter\CodeIgniter->handleRequest(null, Object(Config\Cache), false)
 7 FCPATH\index.php(67): CodeIgniter\CodeIgniter->run()
CRITICAL - 2022-12-15 11:11:10 --> Invalid file: productos/productos.php
in SYSTEMPATH\Exceptions\FrameworkException.php on line 33.
 1 SYSTEMPATH\View\View.php(201): CodeIgniter\Exceptions\FrameworkException::forInvalidFile('productos/productos.php')
 2 SYSTEMPATH\Common.php(1134): CodeIgniter\View\View->render('productos/productos', [], true)
 3 APPPATH\Controllers\ProductosController.php(23): view('productos/productos', [...])
 4 SYSTEMPATH\CodeIgniter.php(927): App\Controllers\ProductosController->index()
 5 SYSTEMPATH\CodeIgniter.php(482): CodeIgniter\CodeIgniter->runController(Object(App\Controllers\ProductosController))
 6 SYSTEMPATH\CodeIgniter.php(351): CodeIgniter\CodeIgniter->handleRequest(null, Object(Config\Cache), false)
 7 FCPATH\index.php(67): CodeIgniter\CodeIgniter->run()
CRITICAL - 2022-12-15 11:23:33 --> Invalid file: productos/productos.php
in SYSTEMPATH\Exceptions\FrameworkException.php on line 33.
 1 SYSTEMPATH\View\View.php(201): CodeIgniter\Exceptions\FrameworkException::forInvalidFile('productos/productos.php')
 2 SYSTEMPATH\Common.php(1134): CodeIgniter\View\View->render('productos/productos', [], true)
 3 APPPATH\Controllers\ProductosController.php(23): view('productos/productos', [...])
 4 SYSTEMPATH\CodeIgniter.php(927): App\Controllers\ProductosController->index()
 5 SYSTEMPATH\CodeIgniter.php(482): CodeIgniter\CodeIgniter->runController(Object(App\Controllers\ProductosController))
 6 SYSTEMPATH\CodeIgniter.php(351): CodeIgniter\CodeIgniter->handleRequest(null, Object(Config\Cache), false)
 7 FCPATH\index.php(67): CodeIgniter\CodeIgniter->run()
CRITICAL - 2022-12-15 11:28:20 --> Invalid file: productos/productos.php
in SYSTEMPATH\Exceptions\FrameworkException.php on line 33.
 1 SYSTEMPATH\View\View.php(201): CodeIgniter\Exceptions\FrameworkException::forInvalidFile('productos/productos.php')
 2 SYSTEMPATH\Common.php(1134): CodeIgniter\View\View->render('productos/productos', [], true)
 3 APPPATH\Controllers\ProductosController.php(23): view('productos/productos', [...])
 4 SYSTEMPATH\CodeIgniter.php(927): App\Controllers\ProductosController->index()
 5 SYSTEMPATH\CodeIgniter.php(482): CodeIgniter\CodeIgniter->runController(Object(App\Controllers\ProductosController))
 6 SYSTEMPATH\CodeIgniter.php(351): CodeIgniter\CodeIgniter->handleRequest(null, Object(Config\Cache), false)
 7 FCPATH\index.php(67): CodeIgniter\CodeIgniter->run()
CRITICAL - 2022-12-15 11:28:20 --> Invalid file: productos/productos.php
in SYSTEMPATH\Exceptions\FrameworkException.php on line 33.
 1 SYSTEMPATH\View\View.php(201): CodeIgniter\Exceptions\FrameworkException::forInvalidFile('productos/productos.php')
 2 SYSTEMPATH\Common.php(1134): CodeIgniter\View\View->render('productos/productos', [], true)
 3 APPPATH\Controllers\ProductosController.php(23): view('productos/productos', [...])
 4 SYSTEMPATH\CodeIgniter.php(927): App\Controllers\ProductosController->index()
 5 SYSTEMPATH\CodeIgniter.php(482): CodeIgniter\CodeIgniter->runController(Object(App\Controllers\ProductosController))
 6 SYSTEMPATH\CodeIgniter.php(351): CodeIgniter\CodeIgniter->handleRequest(null, Object(Config\Cache), false)
 7 FCPATH\index.php(67): CodeIgniter\CodeIgniter->run()
