CRITICAL - 2022-12-14 02:15:12 --> Invalid file: categorias.php
in SYSTEMPATH\Exceptions\FrameworkException.php on line 33.
 1 SYSTEMPATH\View\View.php(201): CodeIgniter\Exceptions\FrameworkException::forInvalidFile('categorias.php')
 2 SYSTEMPATH\Common.php(1134): CodeIgniter\View\View->render('categorias', [], true)
 3 APPPATH\Controllers\CategoriasController.php(10): view('categorias')
 4 SYSTEMPATH\CodeIgniter.php(927): App\Controllers\CategoriasController->index()
 5 SYSTEMPATH\CodeIgniter.php(482): CodeIgniter\CodeIgniter->runController(Object(App\Controllers\CategoriasController))
 6 SYSTEMPATH\CodeIgniter.php(351): CodeIgniter\CodeIgniter->handleRequest(null, Object(Config\Cache), false)
 7 FCPATH\index.php(67): CodeIgniter\CodeIgniter->run()
CRITICAL - 2022-12-14 02:15:29 --> Invalid file: categorias.php
in SYSTEMPATH\Exceptions\FrameworkException.php on line 33.
 1 SYSTEMPATH\View\View.php(201): CodeIgniter\Exceptions\FrameworkException::forInvalidFile('categorias.php')
 2 SYSTEMPATH\Common.php(1134): CodeIgniter\View\View->render('categorias', [], true)
 3 APPPATH\Controllers\CategoriasController.php(10): view('categorias')
 4 SYSTEMPATH\CodeIgniter.php(927): App\Controllers\CategoriasController->index()
 5 SYSTEMPATH\CodeIgniter.php(482): CodeIgniter\CodeIgniter->runController(Object(App\Controllers\CategoriasController))
 6 SYSTEMPATH\CodeIgniter.php(351): CodeIgniter\CodeIgniter->handleRequest(null, Object(Config\Cache), false)
 7 FCPATH\index.php(67): CodeIgniter\CodeIgniter->run()
CRITICAL - 2022-12-14 02:15:30 --> Invalid file: categorias.php
in SYSTEMPATH\Exceptions\FrameworkException.php on line 33.
 1 SYSTEMPATH\View\View.php(201): CodeIgniter\Exceptions\FrameworkException::forInvalidFile('categorias.php')
 2 SYSTEMPATH\Common.php(1134): CodeIgniter\View\View->render('categorias', [], true)
 3 APPPATH\Controllers\CategoriasController.php(10): view('categorias')
 4 SYSTEMPATH\CodeIgniter.php(927): App\Controllers\CategoriasController->index()
 5 SYSTEMPATH\CodeIgniter.php(482): CodeIgniter\CodeIgniter->runController(Object(App\Controllers\CategoriasController))
 6 SYSTEMPATH\CodeIgniter.php(351): CodeIgniter\CodeIgniter->handleRequest(null, Object(Config\Cache), false)
 7 FCPATH\index.php(67): CodeIgniter\CodeIgniter->run()
CRITICAL - 2022-12-14 02:15:39 --> Invalid file: categorias.php
in SYSTEMPATH\Exceptions\FrameworkException.php on line 33.
 1 SYSTEMPATH\View\View.php(201): CodeIgniter\Exceptions\FrameworkException::forInvalidFile('categorias.php')
 2 SYSTEMPATH\Common.php(1134): CodeIgniter\View\View->render('categorias', [], true)
 3 APPPATH\Controllers\CategoriasController.php(10): view('categorias')
 4 SYSTEMPATH\CodeIgniter.php(927): App\Controllers\CategoriasController->index()
 5 SYSTEMPATH\CodeIgniter.php(482): CodeIgniter\CodeIgniter->runController(Object(App\Controllers\CategoriasController))
 6 SYSTEMPATH\CodeIgniter.php(351): CodeIgniter\CodeIgniter->handleRequest(null, Object(Config\Cache), false)
 7 FCPATH\index.php(67): CodeIgniter\CodeIgniter->run()
CRITICAL - 2022-12-14 02:15:42 --> Invalid file: categorias.php
in SYSTEMPATH\Exceptions\FrameworkException.php on line 33.
 1 SYSTEMPATH\View\View.php(201): CodeIgniter\Exceptions\FrameworkException::forInvalidFile('categorias.php')
 2 SYSTEMPATH\Common.php(1134): CodeIgniter\View\View->render('categorias', [], true)
 3 APPPATH\Controllers\CategoriasController.php(10): view('categorias')
 4 SYSTEMPATH\CodeIgniter.php(927): App\Controllers\CategoriasController->index()
 5 SYSTEMPATH\CodeIgniter.php(482): CodeIgniter\CodeIgniter->runController(Object(App\Controllers\CategoriasController))
 6 SYSTEMPATH\CodeIgniter.php(351): CodeIgniter\CodeIgniter->handleRequest(null, Object(Config\Cache), false)
 7 FCPATH\index.php(67): CodeIgniter\CodeIgniter->run()
CRITICAL - 2022-12-14 02:18:08 --> Cannot declare class App\Controllers\CategoriasController, because the name is already in use
in APPPATH\Views\categorias\categorias.php on line 7.
 1 [internal function]: CodeIgniter\Debug\Exceptions->shutdownHandler()
CRITICAL - 2022-12-14 02:23:26 --> Class "App\Models\CategoriasModel" not found
in APPPATH\Controllers\CategoriasController.php on line 14.
 1 SYSTEMPATH\CodeIgniter.php(889): App\Controllers\CategoriasController->__construct()
 2 SYSTEMPATH\CodeIgniter.php(473): CodeIgniter\CodeIgniter->createController()
 3 SYSTEMPATH\CodeIgniter.php(351): CodeIgniter\CodeIgniter->handleRequest(null, Object(Config\Cache), false)
 4 FCPATH\index.php(67): CodeIgniter\CodeIgniter->run()
CRITICAL - 2022-12-14 02:23:33 --> Class "App\Models\CategoriasModel" not found
in APPPATH\Controllers\CategoriasController.php on line 14.
 1 SYSTEMPATH\CodeIgniter.php(889): App\Controllers\CategoriasController->__construct()
 2 SYSTEMPATH\CodeIgniter.php(473): CodeIgniter\CodeIgniter->createController()
 3 SYSTEMPATH\CodeIgniter.php(351): CodeIgniter\CodeIgniter->handleRequest(null, Object(Config\Cache), false)
 4 FCPATH\index.php(67): CodeIgniter\CodeIgniter->run()
CRITICAL - 2022-12-14 02:24:37 --> Call to undefined method App\Models\CategoriasModel::while
in SYSTEMPATH\Model.php on line 774.
 1 APPPATH\Controllers\CategoriasController.php(19): CodeIgniter\Model->__call('while', [...])
 2 SYSTEMPATH\CodeIgniter.php(927): App\Controllers\CategoriasController->index()
 3 SYSTEMPATH\CodeIgniter.php(482): CodeIgniter\CodeIgniter->runController(Object(App\Controllers\CategoriasController))
 4 SYSTEMPATH\CodeIgniter.php(351): CodeIgniter\CodeIgniter->handleRequest(null, Object(Config\Cache), false)
 5 FCPATH\index.php(67): CodeIgniter\CodeIgniter->run()
CRITICAL - 2022-12-14 02:27:44 --> Call to undefined method App\Models\CategoriasModel::while
in SYSTEMPATH\Model.php on line 774.
 1 APPPATH\Controllers\CategoriasController.php(19): CodeIgniter\Model->__call('while', [...])
 2 SYSTEMPATH\CodeIgniter.php(927): App\Controllers\CategoriasController->index()
 3 SYSTEMPATH\CodeIgniter.php(482): CodeIgniter\CodeIgniter->runController(Object(App\Controllers\CategoriasController))
 4 SYSTEMPATH\CodeIgniter.php(351): CodeIgniter\CodeIgniter->handleRequest(null, Object(Config\Cache), false)
 5 FCPATH\index.php(67): CodeIgniter\CodeIgniter->run()
CRITICAL - 2022-12-14 02:33:29 --> Invalid file: categorias.php
in SYSTEMPATH\Exceptions\FrameworkException.php on line 33.
 1 SYSTEMPATH\View\View.php(201): CodeIgniter\Exceptions\FrameworkException::forInvalidFile('categorias.php')
 2 SYSTEMPATH\Common.php(1134): CodeIgniter\View\View->render('categorias', [], true)
 3 APPPATH\Controllers\CategoriasController.php(23): view('categorias', [...])
 4 SYSTEMPATH\CodeIgniter.php(927): App\Controllers\CategoriasController->index()
 5 SYSTEMPATH\CodeIgniter.php(482): CodeIgniter\CodeIgniter->runController(Object(App\Controllers\CategoriasController))
 6 SYSTEMPATH\CodeIgniter.php(351): CodeIgniter\CodeIgniter->handleRequest(null, Object(Config\Cache), false)
 7 FCPATH\index.php(67): CodeIgniter\CodeIgniter->run()
CRITICAL - 2022-12-14 12:57:40 --> syntax error, unexpected token "echo", expecting "," or ";"
in APPPATH\Controllers\CategoriasController.php on line 33.
 1 SYSTEMPATH\Autoloader\Autoloader.php(259): CodeIgniter\Autoloader\Autoloader->includeFile('APPPATH\\Controllers\\CategoriasController.php')
 2 SYSTEMPATH\Autoloader\Autoloader.php(237): CodeIgniter\Autoloader\Autoloader->loadInNamespace('App\\Controllers\\CategoriasController')
 3 [internal function]: CodeIgniter\Autoloader\Autoloader->loadClass('App\\Controllers\\CategoriasController')
 4 SYSTEMPATH\CodeIgniter.php(877): class_exists('\\App\\Controllers\\CategoriasController', true)
 5 SYSTEMPATH\CodeIgniter.php(469): CodeIgniter\CodeIgniter->startController()
 6 SYSTEMPATH\CodeIgniter.php(351): CodeIgniter\CodeIgniter->handleRequest(null, Object(Config\Cache), false)
 7 FCPATH\index.php(67): CodeIgniter\CodeIgniter->run()
CRITICAL - 2022-12-14 13:22:01 --> syntax error, unexpected token "}"
in APPPATH\Controllers\CategoriasController.php on line 40.
 1 SYSTEMPATH\Autoloader\Autoloader.php(259): CodeIgniter\Autoloader\Autoloader->includeFile('APPPATH\\Controllers\\CategoriasController.php')
 2 SYSTEMPATH\Autoloader\Autoloader.php(237): CodeIgniter\Autoloader\Autoloader->loadInNamespace('App\\Controllers\\CategoriasController')
 3 [internal function]: CodeIgniter\Autoloader\Autoloader->loadClass('App\\Controllers\\CategoriasController')
 4 SYSTEMPATH\CodeIgniter.php(877): class_exists('\\App\\Controllers\\CategoriasController', true)
 5 SYSTEMPATH\CodeIgniter.php(469): CodeIgniter\CodeIgniter->startController()
 6 SYSTEMPATH\CodeIgniter.php(351): CodeIgniter\CodeIgniter->handleRequest(null, Object(Config\Cache), false)
 7 FCPATH\index.php(67): CodeIgniter\CodeIgniter->run()
CRITICAL - 2022-12-14 16:20:47 --> syntax error, unexpected token "endforeach", expecting end of file
in APPPATH\Views\categorias\categorias.php on line 35.
 1 SYSTEMPATH\View\View.php(216): CodeIgniter\View\View->CodeIgniter\View\{closure}()
 2 SYSTEMPATH\Common.php(1134): CodeIgniter\View\View->render('categorias/categorias', [], true)
 3 APPPATH\Controllers\CategoriasController.php(23): view('categorias/categorias', [...])
 4 SYSTEMPATH\CodeIgniter.php(927): App\Controllers\CategoriasController->index()
 5 SYSTEMPATH\CodeIgniter.php(482): CodeIgniter\CodeIgniter->runController(Object(App\Controllers\CategoriasController))
 6 SYSTEMPATH\CodeIgniter.php(351): CodeIgniter\CodeIgniter->handleRequest(null, Object(Config\Cache), false)
 7 FCPATH\index.php(67): CodeIgniter\CodeIgniter->run()
CRITICAL - 2022-12-14 16:21:29 --> syntax error, unexpected token "endforeach", expecting end of file
in APPPATH\Views\categorias\categorias.php on line 36.
 1 SYSTEMPATH\View\View.php(216): CodeIgniter\View\View->CodeIgniter\View\{closure}()
 2 SYSTEMPATH\Common.php(1134): CodeIgniter\View\View->render('categorias/categorias', [], true)
 3 APPPATH\Controllers\CategoriasController.php(23): view('categorias/categorias', [...])
 4 SYSTEMPATH\CodeIgniter.php(927): App\Controllers\CategoriasController->index()
 5 SYSTEMPATH\CodeIgniter.php(482): CodeIgniter\CodeIgniter->runController(Object(App\Controllers\CategoriasController))
 6 SYSTEMPATH\CodeIgniter.php(351): CodeIgniter\CodeIgniter->handleRequest(null, Object(Config\Cache), false)
 7 FCPATH\index.php(67): CodeIgniter\CodeIgniter->run()
CRITICAL - 2022-12-14 16:22:43 --> syntax error, unexpected token "endforeach", expecting end of file
in APPPATH\Views\categorias\categorias.php on line 36.
 1 SYSTEMPATH\View\View.php(216): CodeIgniter\View\View->CodeIgniter\View\{closure}()
 2 SYSTEMPATH\Common.php(1134): CodeIgniter\View\View->render('categorias/categorias', [], true)
 3 APPPATH\Controllers\CategoriasController.php(23): view('categorias/categorias', [...])
 4 SYSTEMPATH\CodeIgniter.php(927): App\Controllers\CategoriasController->index()
 5 SYSTEMPATH\CodeIgniter.php(482): CodeIgniter\CodeIgniter->runController(Object(App\Controllers\CategoriasController))
 6 SYSTEMPATH\CodeIgniter.php(351): CodeIgniter\CodeIgniter->handleRequest(null, Object(Config\Cache), false)
 7 FCPATH\index.php(67): CodeIgniter\CodeIgniter->run()
CRITICAL - 2022-12-14 16:25:45 --> syntax error, unexpected token "endforeach"
in APPPATH\Views\categorias\categorias.php on line 37.
 1 SYSTEMPATH\View\View.php(216): CodeIgniter\View\View->CodeIgniter\View\{closure}()
 2 SYSTEMPATH\Common.php(1134): CodeIgniter\View\View->render('categorias/categorias', [], true)
 3 APPPATH\Controllers\CategoriasController.php(23): view('categorias/categorias', [...])
 4 SYSTEMPATH\CodeIgniter.php(927): App\Controllers\CategoriasController->index()
 5 SYSTEMPATH\CodeIgniter.php(482): CodeIgniter\CodeIgniter->runController(Object(App\Controllers\CategoriasController))
 6 SYSTEMPATH\CodeIgniter.php(351): CodeIgniter\CodeIgniter->handleRequest(null, Object(Config\Cache), false)
 7 FCPATH\index.php(67): CodeIgniter\CodeIgniter->run()
CRITICAL - 2022-12-14 16:25:46 --> syntax error, unexpected token "endforeach"
in APPPATH\Views\categorias\categorias.php on line 37.
 1 SYSTEMPATH\View\View.php(216): CodeIgniter\View\View->CodeIgniter\View\{closure}()
 2 SYSTEMPATH\Common.php(1134): CodeIgniter\View\View->render('categorias/categorias', [], true)
 3 APPPATH\Controllers\CategoriasController.php(23): view('categorias/categorias', [...])
 4 SYSTEMPATH\CodeIgniter.php(927): App\Controllers\CategoriasController->index()
 5 SYSTEMPATH\CodeIgniter.php(482): CodeIgniter\CodeIgniter->runController(Object(App\Controllers\CategoriasController))
 6 SYSTEMPATH\CodeIgniter.php(351): CodeIgniter\CodeIgniter->handleRequest(null, Object(Config\Cache), false)
 7 FCPATH\index.php(67): CodeIgniter\CodeIgniter->run()
CRITICAL - 2022-12-14 20:56:06 --> syntax error, unexpected identifier "id", expecting ")"
in APPPATH\Views\categorias\categorias.php on line 34.
 1 SYSTEMPATH\View\View.php(216): CodeIgniter\View\View->CodeIgniter\View\{closure}()
 2 SYSTEMPATH\Common.php(1134): CodeIgniter\View\View->render('categorias/categorias', [], true)
 3 APPPATH\Controllers\CategoriasController.php(23): view('categorias/categorias', [...])
 4 SYSTEMPATH\CodeIgniter.php(927): App\Controllers\CategoriasController->index()
 5 SYSTEMPATH\CodeIgniter.php(482): CodeIgniter\CodeIgniter->runController(Object(App\Controllers\CategoriasController))
 6 SYSTEMPATH\CodeIgniter.php(351): CodeIgniter\CodeIgniter->handleRequest(null, Object(Config\Cache), false)
 7 FCPATH\index.php(67): CodeIgniter\CodeIgniter->run()
CRITICAL - 2022-12-14 22:39:16 --> Undefined variable $user_obj
in APPPATH\Views\categorias\editar.php on line 15.
 1 APPPATH\Views\categorias\editar.php(15): CodeIgniter\Debug\Exceptions->errorHandler(2, 'Undefined variable $user_obj', 'APPPATH\\Views\\categorias\\editar.php', 15)
 2 SYSTEMPATH\View\View.php(213): include('APPPATH\\Views\\categorias\\editar.php')
 3 SYSTEMPATH\View\View.php(216): CodeIgniter\View\View->CodeIgniter\View\{closure}()
 4 SYSTEMPATH\Common.php(1134): CodeIgniter\View\View->render('categorias/editar', [], true)
 5 APPPATH\Controllers\CategoriasController.php(50): view('categorias/editar', [...])
 6 SYSTEMPATH\CodeIgniter.php(927): App\Controllers\CategoriasController->editar('1')
 7 SYSTEMPATH\CodeIgniter.php(482): CodeIgniter\CodeIgniter->runController(Object(App\Controllers\CategoriasController))
 8 SYSTEMPATH\CodeIgniter.php(351): CodeIgniter\CodeIgniter->handleRequest(null, Object(Config\Cache), false)
 9 FCPATH\index.php(67): CodeIgniter\CodeIgniter->run()
CRITICAL - 2022-12-14 22:50:04 --> Undefined variable $user_obj
in APPPATH\Views\categorias\editar.php on line 15.
 1 APPPATH\Views\categorias\editar.php(15): CodeIgniter\Debug\Exceptions->errorHandler(2, 'Undefined variable $user_obj', 'APPPATH\\Views\\categorias\\editar.php', 15)
 2 SYSTEMPATH\View\View.php(213): include('APPPATH\\Views\\categorias\\editar.php')
 3 SYSTEMPATH\View\View.php(216): CodeIgniter\View\View->CodeIgniter\View\{closure}()
 4 SYSTEMPATH\Common.php(1134): CodeIgniter\View\View->render('categorias/editar', [], true)
 5 APPPATH\Controllers\CategoriasController.php(58): view('categorias/editar', [...])
 6 SYSTEMPATH\CodeIgniter.php(927): App\Controllers\CategoriasController->editar('1')
 7 SYSTEMPATH\CodeIgniter.php(482): CodeIgniter\CodeIgniter->runController(Object(App\Controllers\CategoriasController))
 8 SYSTEMPATH\CodeIgniter.php(351): CodeIgniter\CodeIgniter->handleRequest(null, Object(Config\Cache), false)
 9 FCPATH\index.php(67): CodeIgniter\CodeIgniter->run()
CRITICAL - 2022-12-14 22:52:12 --> Invalid file: edit_view.php
in SYSTEMPATH\Exceptions\FrameworkException.php on line 33.
 1 SYSTEMPATH\View\View.php(201): CodeIgniter\Exceptions\FrameworkException::forInvalidFile('edit_view.php')
 2 SYSTEMPATH\Common.php(1134): CodeIgniter\View\View->render('edit_view', [], true)
 3 APPPATH\Controllers\CategoriasController.php(49): view('edit_view', [...])
 4 SYSTEMPATH\CodeIgniter.php(927): App\Controllers\CategoriasController->singleUser('1')
 5 SYSTEMPATH\CodeIgniter.php(482): CodeIgniter\CodeIgniter->runController(Object(App\Controllers\CategoriasController))
 6 SYSTEMPATH\CodeIgniter.php(351): CodeIgniter\CodeIgniter->handleRequest(null, Object(Config\Cache), false)
 7 FCPATH\index.php(67): CodeIgniter\CodeIgniter->run()
CRITICAL - 2022-12-14 22:52:15 --> Invalid file: edit_view.php
in SYSTEMPATH\Exceptions\FrameworkException.php on line 33.
 1 SYSTEMPATH\View\View.php(201): CodeIgniter\Exceptions\FrameworkException::forInvalidFile('edit_view.php')
 2 SYSTEMPATH\Common.php(1134): CodeIgniter\View\View->render('edit_view', [], true)
 3 APPPATH\Controllers\CategoriasController.php(49): view('edit_view', [...])
 4 SYSTEMPATH\CodeIgniter.php(927): App\Controllers\CategoriasController->singleUser('1')
 5 SYSTEMPATH\CodeIgniter.php(482): CodeIgniter\CodeIgniter->runController(Object(App\Controllers\CategoriasController))
 6 SYSTEMPATH\CodeIgniter.php(351): CodeIgniter\CodeIgniter->handleRequest(null, Object(Config\Cache), false)
 7 FCPATH\index.php(67): CodeIgniter\CodeIgniter->run()
CRITICAL - 2022-12-14 22:54:46 --> Invalid file: edit_view.php
in SYSTEMPATH\Exceptions\FrameworkException.php on line 33.
 1 SYSTEMPATH\View\View.php(201): CodeIgniter\Exceptions\FrameworkException::forInvalidFile('edit_view.php')
 2 SYSTEMPATH\Common.php(1134): CodeIgniter\View\View->render('edit_view', [], true)
 3 APPPATH\Controllers\CategoriasController.php(49): view('edit_view', [...])
 4 SYSTEMPATH\CodeIgniter.php(927): App\Controllers\CategoriasController->singleUser('1')
 5 SYSTEMPATH\CodeIgniter.php(482): CodeIgniter\CodeIgniter->runController(Object(App\Controllers\CategoriasController))
 6 SYSTEMPATH\CodeIgniter.php(351): CodeIgniter\CodeIgniter->handleRequest(null, Object(Config\Cache), false)
 7 FCPATH\index.php(67): CodeIgniter\CodeIgniter->run()
CRITICAL - 2022-12-14 22:55:08 --> Invalid file: editar.php
in SYSTEMPATH\Exceptions\FrameworkException.php on line 33.
 1 SYSTEMPATH\View\View.php(201): CodeIgniter\Exceptions\FrameworkException::forInvalidFile('editar.php')
 2 SYSTEMPATH\Common.php(1134): CodeIgniter\View\View->render('editar', [], true)
 3 APPPATH\Controllers\CategoriasController.php(49): view('editar', [...])
 4 SYSTEMPATH\CodeIgniter.php(927): App\Controllers\CategoriasController->singleUser('1')
 5 SYSTEMPATH\CodeIgniter.php(482): CodeIgniter\CodeIgniter->runController(Object(App\Controllers\CategoriasController))
 6 SYSTEMPATH\CodeIgniter.php(351): CodeIgniter\CodeIgniter->handleRequest(null, Object(Config\Cache), false)
 7 FCPATH\index.php(67): CodeIgniter\CodeIgniter->run()
CRITICAL - 2022-12-14 22:55:11 --> Invalid file: editar.php
in SYSTEMPATH\Exceptions\FrameworkException.php on line 33.
 1 SYSTEMPATH\View\View.php(201): CodeIgniter\Exceptions\FrameworkException::forInvalidFile('editar.php')
 2 SYSTEMPATH\Common.php(1134): CodeIgniter\View\View->render('editar', [], true)
 3 APPPATH\Controllers\CategoriasController.php(49): view('editar', [...])
 4 SYSTEMPATH\CodeIgniter.php(927): App\Controllers\CategoriasController->singleUser('1')
 5 SYSTEMPATH\CodeIgniter.php(482): CodeIgniter\CodeIgniter->runController(Object(App\Controllers\CategoriasController))
 6 SYSTEMPATH\CodeIgniter.php(351): CodeIgniter\CodeIgniter->handleRequest(null, Object(Config\Cache), false)
 7 FCPATH\index.php(67): CodeIgniter\CodeIgniter->run()
CRITICAL - 2022-12-14 22:57:46 --> Invalid file: editar.php
in SYSTEMPATH\Exceptions\FrameworkException.php on line 33.
 1 SYSTEMPATH\View\View.php(201): CodeIgniter\Exceptions\FrameworkException::forInvalidFile('editar.php')
 2 SYSTEMPATH\Common.php(1134): CodeIgniter\View\View->render('editar', [], true)
 3 APPPATH\Controllers\CategoriasController.php(49): view('editar', [...])
 4 SYSTEMPATH\CodeIgniter.php(927): App\Controllers\CategoriasController->singleUser('1')
 5 SYSTEMPATH\CodeIgniter.php(482): CodeIgniter\CodeIgniter->runController(Object(App\Controllers\CategoriasController))
 6 SYSTEMPATH\CodeIgniter.php(351): CodeIgniter\CodeIgniter->handleRequest(null, Object(Config\Cache), false)
 7 FCPATH\index.php(67): CodeIgniter\CodeIgniter->run()
CRITICAL - 2022-12-14 23:00:22 --> Invalid file: editar.php
in SYSTEMPATH\Exceptions\FrameworkException.php on line 33.
 1 SYSTEMPATH\View\View.php(201): CodeIgniter\Exceptions\FrameworkException::forInvalidFile('editar.php')
 2 SYSTEMPATH\Common.php(1134): CodeIgniter\View\View->render('editar', [], true)
 3 APPPATH\Controllers\CategoriasController.php(49): view('editar', [...])
 4 SYSTEMPATH\CodeIgniter.php(927): App\Controllers\CategoriasController->singleUser('1')
 5 SYSTEMPATH\CodeIgniter.php(482): CodeIgniter\CodeIgniter->runController(Object(App\Controllers\CategoriasController))
 6 SYSTEMPATH\CodeIgniter.php(351): CodeIgniter\CodeIgniter->handleRequest(null, Object(Config\Cache), false)
 7 FCPATH\index.php(67): CodeIgniter\CodeIgniter->run()
CRITICAL - 2022-12-14 23:00:24 --> Invalid file: editar.php
in SYSTEMPATH\Exceptions\FrameworkException.php on line 33.
 1 SYSTEMPATH\View\View.php(201): CodeIgniter\Exceptions\FrameworkException::forInvalidFile('editar.php')
 2 SYSTEMPATH\Common.php(1134): CodeIgniter\View\View->render('editar', [], true)
 3 APPPATH\Controllers\CategoriasController.php(49): view('editar', [...])
 4 SYSTEMPATH\CodeIgniter.php(927): App\Controllers\CategoriasController->singleUser('1')
 5 SYSTEMPATH\CodeIgniter.php(482): CodeIgniter\CodeIgniter->runController(Object(App\Controllers\CategoriasController))
 6 SYSTEMPATH\CodeIgniter.php(351): CodeIgniter\CodeIgniter->handleRequest(null, Object(Config\Cache), false)
 7 FCPATH\index.php(67): CodeIgniter\CodeIgniter->run()
CRITICAL - 2022-12-14 23:04:49 --> Invalid file: editar.php
in SYSTEMPATH\Exceptions\FrameworkException.php on line 33.
 1 SYSTEMPATH\View\View.php(201): CodeIgniter\Exceptions\FrameworkException::forInvalidFile('editar.php')
 2 SYSTEMPATH\Common.php(1134): CodeIgniter\View\View->render('editar', [], true)
 3 APPPATH\Controllers\CategoriasController.php(49): view('editar', [...])
 4 SYSTEMPATH\CodeIgniter.php(927): App\Controllers\CategoriasController->singleUser('1')
 5 SYSTEMPATH\CodeIgniter.php(482): CodeIgniter\CodeIgniter->runController(Object(App\Controllers\CategoriasController))
 6 SYSTEMPATH\CodeIgniter.php(351): CodeIgniter\CodeIgniter->handleRequest(null, Object(Config\Cache), false)
 7 FCPATH\index.php(67): CodeIgniter\CodeIgniter->run()
CRITICAL - 2022-12-14 23:05:49 --> Invalid file: editar.php
in SYSTEMPATH\Exceptions\FrameworkException.php on line 33.
 1 SYSTEMPATH\View\View.php(201): CodeIgniter\Exceptions\FrameworkException::forInvalidFile('editar.php')
 2 SYSTEMPATH\Common.php(1134): CodeIgniter\View\View->render('editar', [], true)
 3 APPPATH\Controllers\CategoriasController.php(49): view('editar', [...])
 4 SYSTEMPATH\CodeIgniter.php(927): App\Controllers\CategoriasController->singleUser('1')
 5 SYSTEMPATH\CodeIgniter.php(482): CodeIgniter\CodeIgniter->runController(Object(App\Controllers\CategoriasController))
 6 SYSTEMPATH\CodeIgniter.php(351): CodeIgniter\CodeIgniter->handleRequest(null, Object(Config\Cache), false)
 7 FCPATH\index.php(67): CodeIgniter\CodeIgniter->run()
CRITICAL - 2022-12-14 23:34:25 --> Unclosed '{' on line 29
in APPPATH\Views\categorias\categorias.php on line 52.
 1 SYSTEMPATH\View\View.php(216): CodeIgniter\View\View->CodeIgniter\View\{closure}()
 2 SYSTEMPATH\Common.php(1134): CodeIgniter\View\View->render('categorias/categorias', [], true)
 3 APPPATH\Controllers\CategoriasController.php(23): view('categorias/categorias', [...])
 4 SYSTEMPATH\CodeIgniter.php(927): App\Controllers\CategoriasController->index()
 5 SYSTEMPATH\CodeIgniter.php(482): CodeIgniter\CodeIgniter->runController(Object(App\Controllers\CategoriasController))
 6 SYSTEMPATH\CodeIgniter.php(351): CodeIgniter\CodeIgniter->handleRequest(null, Object(Config\Cache), false)
 7 FCPATH\index.php(67): CodeIgniter\CodeIgniter->run()
CRITICAL - 2022-12-14 23:34:52 --> Unclosed '{' on line 29
in APPPATH\Views\categorias\categorias.php on line 53.
 1 SYSTEMPATH\View\View.php(216): CodeIgniter\View\View->CodeIgniter\View\{closure}()
 2 SYSTEMPATH\Common.php(1134): CodeIgniter\View\View->render('categorias/categorias', [], true)
 3 APPPATH\Controllers\CategoriasController.php(23): view('categorias/categorias', [...])
 4 SYSTEMPATH\CodeIgniter.php(927): App\Controllers\CategoriasController->index()
 5 SYSTEMPATH\CodeIgniter.php(482): CodeIgniter\CodeIgniter->runController(Object(App\Controllers\CategoriasController))
 6 SYSTEMPATH\CodeIgniter.php(351): CodeIgniter\CodeIgniter->handleRequest(null, Object(Config\Cache), false)
 7 FCPATH\index.php(67): CodeIgniter\CodeIgniter->run()
CRITICAL - 2022-12-14 23:34:56 --> Unclosed '{' on line 29
in APPPATH\Views\categorias\categorias.php on line 53.
 1 SYSTEMPATH\View\View.php(216): CodeIgniter\View\View->CodeIgniter\View\{closure}()
 2 SYSTEMPATH\Common.php(1134): CodeIgniter\View\View->render('categorias/categorias', [], true)
 3 APPPATH\Controllers\CategoriasController.php(23): view('categorias/categorias', [...])
 4 SYSTEMPATH\CodeIgniter.php(927): App\Controllers\CategoriasController->index()
 5 SYSTEMPATH\CodeIgniter.php(482): CodeIgniter\CodeIgniter->runController(Object(App\Controllers\CategoriasController))
 6 SYSTEMPATH\CodeIgniter.php(351): CodeIgniter\CodeIgniter->handleRequest(null, Object(Config\Cache), false)
 7 FCPATH\index.php(67): CodeIgniter\CodeIgniter->run()
CRITICAL - 2022-12-14 23:35:23 --> Unclosed '{' on line 29
in APPPATH\Views\categorias\categorias.php on line 52.
 1 SYSTEMPATH\View\View.php(216): CodeIgniter\View\View->CodeIgniter\View\{closure}()
 2 SYSTEMPATH\Common.php(1134): CodeIgniter\View\View->render('categorias/categorias', [], true)
 3 APPPATH\Controllers\CategoriasController.php(23): view('categorias/categorias', [...])
 4 SYSTEMPATH\CodeIgniter.php(927): App\Controllers\CategoriasController->index()
 5 SYSTEMPATH\CodeIgniter.php(482): CodeIgniter\CodeIgniter->runController(Object(App\Controllers\CategoriasController))
 6 SYSTEMPATH\CodeIgniter.php(351): CodeIgniter\CodeIgniter->handleRequest(null, Object(Config\Cache), false)
 7 FCPATH\index.php(67): CodeIgniter\CodeIgniter->run()
